c:\commanderx16\github\different_programming\x16-emulator\new_emulator\x64\release\ps2.obj
c:\commanderx16\github\different_programming\x16-emulator\new_emulator\x64\release\sdcard.obj
c:\commanderx16\github\different_programming\x16-emulator\new_emulator\x64\release\spi.obj
c:\commanderx16\github\different_programming\x16-emulator\new_emulator\x64\release\rendertext.obj
c:\commanderx16\github\different_programming\x16-emulator\new_emulator\x64\release\usleep.obj
c:\commanderx16\github\different_programming\x16-emulator\new_emulator\x64\release\disasm.obj
c:\commanderx16\github\different_programming\x16-emulator\new_emulator\x64\release\vera_spi.obj
c:\commanderx16\github\different_programming\x16-emulator\new_emulator\x64\release\compile.obj
c:\commanderx16\github\different_programming\x16-emulator\new_emulator\x64\release\loadsave.obj
c:\commanderx16\github\different_programming\x16-emulator\new_emulator\x64\release\65c02incpp.obj
c:\commanderx16\github\different_programming\x16-emulator\new_emulator\x64\release\keyboard.obj
c:\commanderx16\github\different_programming\x16-emulator\new_emulator\x64\release\joystick.obj
c:\commanderx16\github\different_programming\x16-emulator\new_emulator\x64\release\via.obj
c:\commanderx16\github\different_programming\x16-emulator\new_emulator\x64\release\test.obj
c:\commanderx16\github\different_programming\x16-emulator\new_emulator\x64\release\fake65c02.obj
c:\commanderx16\github\different_programming\x16-emulator\new_emulator\x64\release\memory.obj
c:\commanderx16\github\different_programming\x16-emulator\new_emulator\x64\release\javascript_interface.obj
c:\commanderx16\github\different_programming\x16-emulator\new_emulator\x64\release\debugger.obj
c:\commanderx16\github\different_programming\x16-emulator\new_emulator\x64\release\main.obj
c:\commanderx16\github\different_programming\x16-emulator\new_emulator\x64\release\video.obj
c:\commanderx16\github\different_programming\x16-emulator\new_emulator\x64\release\vera_uart.obj
c:\commanderx16\github\different_programming\x16-emulator\new_emulator\x64\release\vc141.pdb
c:\commanderx16\github\different_programming\x16-emulator\new_emulator\x64\release\new_emulator.exe
c:\commanderx16\github\different_programming\x16-emulator\new_emulator\x64\release\new_emulator.map
c:\commanderx16\github\different_programming\x16-emulator\new_emulator\x64\release\new_emulator.pdb
c:\commanderx16\github\different_programming\x16-emulator\new_emulator\x64\release\new_emulator.ipdb
c:\commanderx16\github\different_programming\x16-emulator\new_emulator\x64\release\new_emulator.iobj
c:\commanderx16\github\different_programming\x16-emulator\new_emulator\x64\release\new_emulator.tlog\cl.command.1.tlog
c:\commanderx16\github\different_programming\x16-emulator\new_emulator\x64\release\new_emulator.tlog\cl.read.1.tlog
c:\commanderx16\github\different_programming\x16-emulator\new_emulator\x64\release\new_emulator.tlog\cl.write.1.tlog
c:\commanderx16\github\different_programming\x16-emulator\new_emulator\x64\release\new_emulator.tlog\link.command.1.tlog
c:\commanderx16\github\different_programming\x16-emulator\new_emulator\x64\release\new_emulator.tlog\link.read.1.tlog
c:\commanderx16\github\different_programming\x16-emulator\new_emulator\x64\release\new_emulator.tlog\link.write.1.tlog
c:\commanderx16\github\different_programming\x16-emulator\new_emulator\x64\release\new_emulator.tlog\new_emulator.write.1u.tlog
