cl : Command line warning D9025: overriding '/sdl-' with '/GS-'
cl : Command line warning D9025: overriding '/sdl-' with '/GS-'
  65c02incpp.cpp
cl : Command line warning D9025: overriding '/sdl-' with '/GS-'
  compile.cpp
cl : Command line warning D9025: overriding '/sdl-' with '/GS-'
cl : Command line warning D9025: overriding '/sdl-' with '/GS-'
  debugger.cpp
  fake65c02.cpp
cl : Command line warning D9025: overriding '/sdl-' with '/GS-'
cl : Command line warning D9025: overriding '/sdl-' with '/GS-'
cl : Command line warning D9025: overriding '/sdl-' with '/GS-'
  javascript_interface.cpp
cl : Command line warning D9025: overriding '/sdl-' with '/GS-'
  joystick.cpp
  keyboard.cpp
cl : Command line warning D9025: overriding '/sdl-' with '/GS-'
  loadsave.cpp
cl : Command line warning D9025: overriding '/sdl-' with '/GS-'
cl : Command line warning D9025: overriding '/sdl-' with '/GS-'
cl : Command line warning D9025: overriding '/sdl-' with '/GS-'
  main.cpp
cl : Command line warning D9025: overriding '/sdl-' with '/GS-'
cl : Command line warning D9025: overriding '/sdl-' with '/GS-'
  memory.cpp
  test.cpp
  vera_uart.cpp
  via.cpp
  video.cpp
c:\commanderx16\github\different_programming\x16-emulator\javascript_interface.cpp(22): warning C4996: 'strcpy': This function or variable may be unsafe. Consider using strcpy_s instead. To disable deprecation, use _CRT_SECURE_NO_WARNINGS. See online help for details.
  e:\windows kits\10\include\10.0.18362.0\ucrt\string.h(133): note: see declaration of 'strcpy'
c:\commanderx16\github\different_programming\x16-emulator\vera_uart.cpp(81): warning C4244: '=': conversion from 'int' to 'float', possible loss of data
c:\commanderx16\github\different_programming\x16-emulator\vera_uart.cpp(86): warning C4805: '|': unsafe mix of type 'int' and type 'bool' in operation
c:\commanderx16\github\different_programming\x16-emulator\vera_uart.cpp(108): warning C4244: '=': conversion from 'int' to 'float', possible loss of data
c:\commanderx16\github\different_programming\x16-emulator\compile.cpp(4601): warning C4996: 'setmode': The POSIX name for this item is deprecated. Instead, use the ISO C and C++ conformant name: _setmode. See online help for details.
  e:\windows kits\10\include\10.0.18362.0\ucrt\corecrt_io.h(530): note: see declaration of 'setmode'
c:\commanderx16\github\different_programming\x16-emulator\via.cpp(33): warning C4244: 'argument': conversion from 'time_t' to 'unsigned int', possible loss of data
c:\commanderx16\github\different_programming\x16-emulator\debugger.cpp(330): warning C4996: 'sscanf': This function or variable may be unsafe. Consider using sscanf_s instead. To disable deprecation, use _CRT_SECURE_NO_WARNINGS. See online help for details.
  e:\windows kits\10\include\10.0.18362.0\ucrt\stdio.h(2263): note: see declaration of 'sscanf'
c:\commanderx16\github\different_programming\x16-emulator\debugger.cpp(340): warning C4996: 'sscanf': This function or variable may be unsafe. Consider using sscanf_s instead. To disable deprecation, use _CRT_SECURE_NO_WARNINGS. See online help for details.
  e:\windows kits\10\include\10.0.18362.0\ucrt\stdio.h(2263): note: see declaration of 'sscanf'
c:\commanderx16\github\different_programming\x16-emulator\debugger.cpp(350): warning C4996: 'sscanf': This function or variable may be unsafe. Consider using sscanf_s instead. To disable deprecation, use _CRT_SECURE_NO_WARNINGS. See online help for details.
  e:\windows kits\10\include\10.0.18362.0\ucrt\stdio.h(2263): note: see declaration of 'sscanf'
c:\commanderx16\github\different_programming\x16-emulator\debugger.cpp(361): warning C4996: 'sscanf': This function or variable may be unsafe. Consider using sscanf_s instead. To disable deprecation, use _CRT_SECURE_NO_WARNINGS. See online help for details.
  e:\windows kits\10\include\10.0.18362.0\ucrt\stdio.h(2263): note: see declaration of 'sscanf'
c:\commanderx16\github\different_programming\x16-emulator\debugger.cpp(424): warning C4996: 'sprintf': This function or variable may be unsafe. Consider using sprintf_s instead. To disable deprecation, use _CRT_SECURE_NO_WARNINGS. See online help for details.
  e:\windows kits\10\include\10.0.18362.0\ucrt\stdio.h(1774): note: see declaration of 'sprintf'
c:\commanderx16\github\different_programming\x16-emulator\debugger.cpp(555): warning C4996: 'strcpy': This function or variable may be unsafe. Consider using strcpy_s instead. To disable deprecation, use _CRT_SECURE_NO_WARNINGS. See online help for details.
  e:\windows kits\10\include\10.0.18362.0\ucrt\string.h(133): note: see declaration of 'strcpy'
c:\commanderx16\github\different_programming\x16-emulator\extern\include\gif.h(371): warning C4334: '<<': result of 32-bit shift implicitly converted to 64 bits (was 64-bit shift intended?) (compiling source file ..\video.cpp)
c:\commanderx16\github\different_programming\x16-emulator\video.cpp(791): warning C4244: 'initializing': conversion from 'double' to 'float', possible loss of data
c:\commanderx16\github\different_programming\x16-emulator\video.cpp(1003): warning C4018: '<': signed/unsigned mismatch
c:\commanderx16\github\different_programming\x16-emulator\65c02incpp.cpp(2327): warning C4996: 'sprintf': This function or variable may be unsafe. Consider using sprintf_s instead. To disable deprecation, use _CRT_SECURE_NO_WARNINGS. See online help for details.
  e:\windows kits\10\include\10.0.18362.0\ucrt\stdio.h(1774): note: see declaration of 'sprintf'
c:\commanderx16\github\different_programming\x16-emulator\65c02incpp.cpp(2329): warning C4996: 'sprintf': This function or variable may be unsafe. Consider using sprintf_s instead. To disable deprecation, use _CRT_SECURE_NO_WARNINGS. See online help for details.
  e:\windows kits\10\include\10.0.18362.0\ucrt\stdio.h(1774): note: see declaration of 'sprintf'
c:\commanderx16\github\different_programming\x16-emulator\65c02incpp.cpp(2340): warning C4996: 'sprintf': This function or variable may be unsafe. Consider using sprintf_s instead. To disable deprecation, use _CRT_SECURE_NO_WARNINGS. See online help for details.
  e:\windows kits\10\include\10.0.18362.0\ucrt\stdio.h(1774): note: see declaration of 'sprintf'
c:\commanderx16\github\different_programming\x16-emulator\65c02incpp.cpp(2345): warning C4996: 'sprintf': This function or variable may be unsafe. Consider using sprintf_s instead. To disable deprecation, use _CRT_SECURE_NO_WARNINGS. See online help for details.
  e:\windows kits\10\include\10.0.18362.0\ucrt\stdio.h(1774): note: see declaration of 'sprintf'
c:\commanderx16\github\different_programming\x16-emulator\65c02incpp.cpp(2349): warning C4996: 'sprintf': This function or variable may be unsafe. Consider using sprintf_s instead. To disable deprecation, use _CRT_SECURE_NO_WARNINGS. See online help for details.
  e:\windows kits\10\include\10.0.18362.0\ucrt\stdio.h(1774): note: see declaration of 'sprintf'
c:\commanderx16\github\different_programming\x16-emulator\65c02incpp.cpp(2353): warning C4996: 'sprintf': This function or variable may be unsafe. Consider using sprintf_s instead. To disable deprecation, use _CRT_SECURE_NO_WARNINGS. See online help for details.
  e:\windows kits\10\include\10.0.18362.0\ucrt\stdio.h(1774): note: see declaration of 'sprintf'
c:\commanderx16\github\different_programming\x16-emulator\65c02incpp.cpp(2357): warning C4996: 'sprintf': This function or variable may be unsafe. Consider using sprintf_s instead. To disable deprecation, use _CRT_SECURE_NO_WARNINGS. See online help for details.
  e:\windows kits\10\include\10.0.18362.0\ucrt\stdio.h(1774): note: see declaration of 'sprintf'
c:\commanderx16\github\different_programming\x16-emulator\65c02incpp.cpp(2361): warning C4996: 'sprintf': This function or variable may be unsafe. Consider using sprintf_s instead. To disable deprecation, use _CRT_SECURE_NO_WARNINGS. See online help for details.
  e:\windows kits\10\include\10.0.18362.0\ucrt\stdio.h(1774): note: see declaration of 'sprintf'
c:\commanderx16\github\different_programming\x16-emulator\65c02incpp.cpp(2365): warning C4996: 'sprintf': This function or variable may be unsafe. Consider using sprintf_s instead. To disable deprecation, use _CRT_SECURE_NO_WARNINGS. See online help for details.
  e:\windows kits\10\include\10.0.18362.0\ucrt\stdio.h(1774): note: see declaration of 'sprintf'
c:\commanderx16\github\different_programming\x16-emulator\65c02incpp.cpp(2369): warning C4996: 'sprintf': This function or variable may be unsafe. Consider using sprintf_s instead. To disable deprecation, use _CRT_SECURE_NO_WARNINGS. See online help for details.
  e:\windows kits\10\include\10.0.18362.0\ucrt\stdio.h(1774): note: see declaration of 'sprintf'
c:\commanderx16\github\different_programming\x16-emulator\65c02incpp.cpp(2373): warning C4996: 'sprintf': This function or variable may be unsafe. Consider using sprintf_s instead. To disable deprecation, use _CRT_SECURE_NO_WARNINGS. See online help for details.
  e:\windows kits\10\include\10.0.18362.0\ucrt\stdio.h(1774): note: see declaration of 'sprintf'
c:\commanderx16\github\different_programming\x16-emulator\65c02incpp.cpp(2377): warning C4996: 'sprintf': This function or variable may be unsafe. Consider using sprintf_s instead. To disable deprecation, use _CRT_SECURE_NO_WARNINGS. See online help for details.
  e:\windows kits\10\include\10.0.18362.0\ucrt\stdio.h(1774): note: see declaration of 'sprintf'
c:\commanderx16\github\different_programming\x16-emulator\65c02incpp.cpp(2382): warning C4996: 'sprintf': This function or variable may be unsafe. Consider using sprintf_s instead. To disable deprecation, use _CRT_SECURE_NO_WARNINGS. See online help for details.
  e:\windows kits\10\include\10.0.18362.0\ucrt\stdio.h(1774): note: see declaration of 'sprintf'
c:\commanderx16\github\different_programming\x16-emulator\65c02incpp.cpp(2388): warning C4996: 'sprintf': This function or variable may be unsafe. Consider using sprintf_s instead. To disable deprecation, use _CRT_SECURE_NO_WARNINGS. See online help for details.
  e:\windows kits\10\include\10.0.18362.0\ucrt\stdio.h(1774): note: see declaration of 'sprintf'
c:\commanderx16\github\different_programming\x16-emulator\65c02incpp.cpp(2392): warning C4996: 'sprintf': This function or variable may be unsafe. Consider using sprintf_s instead. To disable deprecation, use _CRT_SECURE_NO_WARNINGS. See online help for details.
  e:\windows kits\10\include\10.0.18362.0\ucrt\stdio.h(1774): note: see declaration of 'sprintf'
c:\commanderx16\github\different_programming\x16-emulator\65c02incpp.cpp(2396): warning C4996: 'sprintf': This function or variable may be unsafe. Consider using sprintf_s instead. To disable deprecation, use _CRT_SECURE_NO_WARNINGS. See online help for details.
  e:\windows kits\10\include\10.0.18362.0\ucrt\stdio.h(1774): note: see declaration of 'sprintf'
c:\commanderx16\github\different_programming\x16-emulator\loadsave.cpp(87): warning C4267: 'initializing': conversion from 'size_t' to 'int', possible loss of data
c:\commanderx16\github\different_programming\x16-emulator\loadsave.cpp(113): warning C4244: 'return': conversion from '__int64' to 'int', possible loss of data
c:\commanderx16\github\different_programming\x16-emulator\loadsave.cpp(188): warning C4267: 'initializing': conversion from 'size_t' to 'uint16_t', possible loss of data
c:\commanderx16\github\different_programming\x16-emulator\loadsave.cpp(135): warning C4996: 'fopen': This function or variable may be unsafe. Consider using fopen_s instead. To disable deprecation, use _CRT_SECURE_NO_WARNINGS. See online help for details.
  e:\windows kits\10\include\10.0.18362.0\ucrt\stdio.h(208): note: see declaration of 'fopen'
c:\commanderx16\github\different_programming\x16-emulator\loadsave.cpp(213): warning C4996: 'fopen': This function or variable may be unsafe. Consider using fopen_s instead. To disable deprecation, use _CRT_SECURE_NO_WARNINGS. See online help for details.
  e:\windows kits\10\include\10.0.18362.0\ucrt\stdio.h(208): note: see declaration of 'fopen'
c:\commanderx16\github\different_programming\x16-emulator\main.cpp(143): warning C4996: 'strcpy': This function or variable may be unsafe. Consider using strcpy_s instead. To disable deprecation, use _CRT_SECURE_NO_WARNINGS. See online help for details.
  e:\windows kits\10\include\10.0.18362.0\ucrt\string.h(133): note: see declaration of 'strcpy'
c:\commanderx16\github\different_programming\x16-emulator\main.cpp(145): warning C4996: 'sprintf': This function or variable may be unsafe. Consider using sprintf_s instead. To disable deprecation, use _CRT_SECURE_NO_WARNINGS. See online help for details.
  e:\windows kits\10\include\10.0.18362.0\ucrt\stdio.h(1774): note: see declaration of 'sprintf'
c:\commanderx16\github\different_programming\x16-emulator\main.cpp(152): warning C4996: 'fopen': This function or variable may be unsafe. Consider using fopen_s instead. To disable deprecation, use _CRT_SECURE_NO_WARNINGS. See online help for details.
  e:\windows kits\10\include\10.0.18362.0\ucrt\stdio.h(208): note: see declaration of 'fopen'
c:\commanderx16\github\different_programming\x16-emulator\main.cpp(772): warning C4267: 'initializing': conversion from 'size_t' to 'int', possible loss of data
c:\commanderx16\github\different_programming\x16-emulator\main.cpp(466): warning C4996: 'strncpy': This function or variable may be unsafe. Consider using strncpy_s instead. To disable deprecation, use _CRT_SECURE_NO_WARNINGS. See online help for details.
  e:\windows kits\10\include\10.0.18362.0\ucrt\string.h(338): note: see declaration of 'strncpy'
c:\commanderx16\github\different_programming\x16-emulator\main.cpp(767): warning C4996: 'fopen': This function or variable may be unsafe. Consider using fopen_s instead. To disable deprecation, use _CRT_SECURE_NO_WARNINGS. See online help for details.
  e:\windows kits\10\include\10.0.18362.0\ucrt\stdio.h(208): note: see declaration of 'fopen'
c:\commanderx16\github\different_programming\x16-emulator\main.cpp(777): warning C4996: 'fopen': This function or variable may be unsafe. Consider using fopen_s instead. To disable deprecation, use _CRT_SECURE_NO_WARNINGS. See online help for details.
  e:\windows kits\10\include\10.0.18362.0\ucrt\stdio.h(208): note: see declaration of 'fopen'
c:\commanderx16\github\different_programming\x16-emulator\main.cpp(785): warning C4996: 'fopen': This function or variable may be unsafe. Consider using fopen_s instead. To disable deprecation, use _CRT_SECURE_NO_WARNINGS. See online help for details.
  e:\windows kits\10\include\10.0.18362.0\ucrt\stdio.h(208): note: see declaration of 'fopen'
c:\commanderx16\github\different_programming\x16-emulator\main.cpp(793): warning C4996: 'fopen': This function or variable may be unsafe. Consider using fopen_s instead. To disable deprecation, use _CRT_SECURE_NO_WARNINGS. See online help for details.
  e:\windows kits\10\include\10.0.18362.0\ucrt\stdio.h(208): note: see declaration of 'fopen'
c:\commanderx16\github\different_programming\x16-emulator\main.cpp(808): warning C4996: 'fopen': This function or variable may be unsafe. Consider using fopen_s instead. To disable deprecation, use _CRT_SECURE_NO_WARNINGS. See online help for details.
  e:\windows kits\10\include\10.0.18362.0\ucrt\stdio.h(208): note: see declaration of 'fopen'
c:\commanderx16\github\different_programming\x16-emulator\main.cpp(816): warning C4996: 'fopen': This function or variable may be unsafe. Consider using fopen_s instead. To disable deprecation, use _CRT_SECURE_NO_WARNINGS. See online help for details.
  e:\windows kits\10\include\10.0.18362.0\ucrt\stdio.h(208): note: see declaration of 'fopen'
c:\commanderx16\github\different_programming\x16-emulator\main.cpp(824): warning C4996: 'strncpy': This function or variable may be unsafe. Consider using strncpy_s instead. To disable deprecation, use _CRT_SECURE_NO_WARNINGS. See online help for details.
  e:\windows kits\10\include\10.0.18362.0\ucrt\string.h(338): note: see declaration of 'strncpy'
c:\commanderx16\github\different_programming\x16-emulator\main.cpp(999): warning C4244: 'initializing': conversion from '__int64' to 'uint8_t', possible loss of data
c:\commanderx16\github\different_programming\x16-emulator\main.cpp(1042): warning C4244: 'initializing': conversion from 'double' to 'float', possible loss of data
c:\commanderx16\github\different_programming\x16-emulator\main.cpp(1114): warning C4267: 'initializing': conversion from 'size_t' to 'uint16_t', possible loss of data
c:\commanderx16\github\different_programming\x16-emulator\main.cpp(1157): warning C4244: 'initializing': conversion from 'long' to 'uint8_t', possible loss of data
c:\commanderx16\github\different_programming\x16-emulator\main.cpp(1158): warning C4244: 'initializing': conversion from 'long' to 'uint8_t', possible loss of data
c:\commanderx16\github\different_programming\x16-emulator\main.cpp(1031): warning C4996: 'sprintf': This function or variable may be unsafe. Consider using sprintf_s instead. To disable deprecation, use _CRT_SECURE_NO_WARNINGS. See online help for details.
  e:\windows kits\10\include\10.0.18362.0\ucrt\stdio.h(1774): note: see declaration of 'sprintf'
  Generating code
  50 of 786 functions ( 6.4%) were compiled, the rest were copied from previous compilation.
    0 functions were new in current compilation
    11 functions had inline decision re-evaluated but remain unchanged
  Finished generating code
  new_emulator.vcxproj -> C:\commanderx16\github\different_programming\x16-emulator\new_emulator\x64\Release\new_emulator.exe
